<?xml version="1.0" encoding="UTF-8"?>
<!-- Generated by org.testng.reporters.JUnitXMLReporter -->
<testsuite ignored="0" hostname="LAPTOP-KM2GDOP0" failures="4" tests="4" name="Group Test(failed)(failed)" time="137.113" errors="0" timestamp="2025-02-21T10:06:26 IST">
  <testcase classname="testCase.TC002_LoginDDT" name="LoginTestDDT" time="50.085">
    <failure type="java.lang.AssertionError" message="null">
      <![CDATA[java.lang.AssertionError: null
at testCase.TC002_LoginDDT.LoginTestDDT(TC002_LoginDDT.java:74)
at java.base/java.util.ArrayList.forEach(ArrayList.java:1597)
... Removed 27 stack frames]]>
    </failure>
  </testcase> <!-- LoginTestDDT -->
  <testcase classname="testCase.TC002_LoginDDT" name="LoginTestDDT" time="48.396">
    <failure type="java.lang.AssertionError" message="null">
      <![CDATA[java.lang.AssertionError: null
at testCase.TC002_LoginDDT.LoginTestDDT(TC002_LoginDDT.java:74)
at java.base/java.util.ArrayList.forEach(ArrayList.java:1597)
... Removed 27 stack frames]]>
    </failure>
  </testcase> <!-- LoginTestDDT -->
  <testcase classname="testCase.TC002_LoginDDT" name="LoginTestDDT" time="15.052">
    <failure type="java.lang.AssertionError" message="null">
      <![CDATA[java.lang.AssertionError: null
at testCase.TC002_LoginDDT.LoginTestDDT(TC002_LoginDDT.java:74)
at java.base/java.util.ArrayList.forEach(ArrayList.java:1597)
... Removed 27 stack frames]]>
    </failure>
  </testcase> <!-- LoginTestDDT -->
  <testcase classname="testCase.TC002_LoginDDT" name="LoginTestDDT" time="15.056">
    <failure type="java.lang.AssertionError" message="null">
      <![CDATA[java.lang.AssertionError: null
at testCase.TC002_LoginDDT.LoginTestDDT(TC002_LoginDDT.java:74)
at java.base/java.util.ArrayList.forEach(ArrayList.java:1597)
... Removed 27 stack frames]]>
    </failure>
  </testcase> <!-- LoginTestDDT -->
</testsuite> <!-- Group Test(failed)(failed) -->
