<?xml version="1.0" encoding="UTF-8"?>
<testsuite xmlns:xsi="http://www.w3.org/2001/XMLSchema-instance" xsi:noNamespaceSchemaLocation="https://maven.apache.org/surefire/maven-surefire-plugin/xsd/surefire-test-report-3.0.xsd" version="3.0" name="TestSuite" time="60.054" tests="1" errors="0" skipped="0" failures="0">
  <properties>
[...]
</properties>
  <testcase name="LoginTest" classname="testCase.TC001_LoginTest" time="4.942">
    <system-out><![CDATA[2025-02-23 08:23:06.433 [main] DEBUG org.testng.TestNG - suiteXmlPath: "D:\Java_programing\AutomationOrangeHRM\master.xml"
2025-02-23 08:23:08.330 [main] DEBUG testCase.TC001_LoginTest - Starting test execution...
2025-02-23 08:23:47.800 [main] INFO  testCase.TC001_LoginTest - Navigated to the application: https://opensource-demo.orangehrmlive.com/web/index.php/auth/login
2025-02-23 08:23:47.817 [main] INFO  testCase.TC001_LoginTest - **** Starting the TC001_LoginTest ****
2025-02-23 08:23:51.009 [main] INFO  testCase.TC001_LoginTest - Username entered Successfull
2025-02-23 08:23:51.240 [main] INFO  testCase.TC001_LoginTest - Passsowrd text entered Successfull
2025-02-23 08:23:52.493 [main] INFO  testCase.TC001_LoginTest - Login Successfull
2025-02-23 08:23:52.494 [main] INFO  testCase.TC001_LoginTest - *** Vaildation ***
2025-02-23 08:23:52.507 [main] INFO  testCase.TC001_LoginTest - Vaildation successfull
2025-02-23 08:23:52.507 [main] INFO  testCase.TC001_LoginTest - ***** Finish of TC001_LoginTest *****
]]></system-out>
    <system-err><![CDATA[Feb 23, 2025 8:23:40 AM org.openqa.selenium.devtools.CdpVersionFinder findNearestMatch
WARNING: Unable to find CDP implementation matching 133
Feb 23, 2025 8:23:40 AM org.openqa.selenium.chromium.ChromiumDriver lambda$new$5
WARNING: Unable to find version of CDP to use for 133.0.6943.127. You may need to include a dependency on a specific version of the CDP using something similar to `org.seleniumhq.selenium:selenium-devtools-v86:4.16.1` where the version ("v86") matches the version of the chromium-based browser you're using and the version number of the artifact is the same as Selenium's.
]]></system-err>
  </testcase>
</testsuite>