<?xml version="1.0" encoding="UTF-8"?>
<testng-results ignored="0" total="1" passed="1" failed="0" skipped="0">
  <reporter-output>
  </reporter-output>
  <suite started-at="2025-02-22T12:49:16 IST" name="Master Suite" finished-at="2025-02-22T12:49:34 IST" duration-ms="17693">
    <groups>
      <group name="regression">
        <method signature="TC001_LoginTest.LoginTest()[pri:1, instance:testCase.TC001_LoginTest@368f2016]" name="LoginTest" class="testCase.TC001_LoginTest"/>
      </group> <!-- regression -->
      <group name="sanity">
        <method signature="TC001_LoginTest.LoginTest()[pri:1, instance:testCase.TC001_LoginTest@368f2016]" name="LoginTest" class="testCase.TC001_LoginTest"/>
      </group> <!-- sanity -->
    </groups>
    <test started-at="2025-02-22T12:49:16 IST" name="Login Test" finished-at="2025-02-22T12:49:34 IST" duration-ms="17693">
      <class name="testCase.TC001_LoginTest">
        <test-method is-config="true" signature="Setup(java.lang.String,java.lang.String)[pri:0, instance:testCase.TC001_LoginTest@368f2016]" started-at="2025-02-22T12:49:16 IST" name="Setup" finished-at="2025-02-22T12:49:31 IST" duration-ms="14680" status="PASS">
          <params>
            <param index="0">
              <value>
                <![CDATA[windows]]>
              </value>
            </param>
            <param index="1">
              <value>
                <![CDATA[chrome]]>
              </value>
            </param>
          </params>
          <reporter-output>
          </reporter-output>
        </test-method> <!-- Setup -->
        <test-method signature="LoginTest()[pri:1, instance:testCase.TC001_LoginTest@368f2016]" started-at="2025-02-22T12:49:31 IST" name="LoginTest" finished-at="2025-02-22T12:49:33 IST" duration-ms="2200" status="PASS">
          <reporter-output>
          </reporter-output>
        </test-method> <!-- LoginTest -->
        <test-method is-config="true" signature="TearDown()[pri:0, instance:testCase.TC001_LoginTest@368f2016]" started-at="2025-02-22T12:49:33 IST" name="TearDown" finished-at="2025-02-22T12:49:34 IST" duration-ms="291" status="PASS">
          <reporter-output>
          </reporter-output>
        </test-method> <!-- TearDown -->
      </class> <!-- testCase.TC001_LoginTest -->
    </test> <!-- Login Test -->
  </suite> <!-- Master Suite -->
</testng-results>
