<?xml version="1.0" encoding="UTF-8"?>
<!-- Generated by org.testng.reporters.JUnitXMLReporter -->
<testsuite ignored="0" hostname="LAPTOP-KM2GDOP0" failures="4" tests="5" name="Group Test(failed)" time="100.781" errors="0" timestamp="2025-02-21T10:03:34 IST">
  <testcase classname="testCase.TC002_LoginDDT" name="LoginTestDDT" time="30.239"/>
  <testcase classname="testCase.TC002_LoginDDT" name="LoginTestDDT" time="15.108">
    <failure type="java.lang.AssertionError" message="null">
      <![CDATA[java.lang.AssertionError: null
at testCase.TC002_LoginDDT.LoginTestDDT(TC002_LoginDDT.java:74)
at java.base/java.util.ArrayList.forEach(ArrayList.java:1597)
... Removed 27 stack frames]]>
    </failure>
  </testcase> <!-- LoginTestDDT -->
  <testcase classname="testCase.TC002_LoginDDT" name="LoginTestDDT" time="15.085">
    <failure type="java.lang.AssertionError" message="null">
      <![CDATA[java.lang.AssertionError: null
at testCase.TC002_LoginDDT.LoginTestDDT(TC002_LoginDDT.java:74)
at java.base/java.util.ArrayList.forEach(ArrayList.java:1597)
... Removed 27 stack frames]]>
    </failure>
  </testcase> <!-- LoginTestDDT -->
  <testcase classname="testCase.TC002_LoginDDT" name="LoginTestDDT" time="15.026">
    <failure type="java.lang.AssertionError" message="null">
      <![CDATA[java.lang.AssertionError: null
at testCase.TC002_LoginDDT.LoginTestDDT(TC002_LoginDDT.java:74)
at java.base/java.util.ArrayList.forEach(ArrayList.java:1597)
... Removed 27 stack frames]]>
    </failure>
  </testcase> <!-- LoginTestDDT -->
  <testcase classname="testCase.TC002_LoginDDT" name="LoginTestDDT" time="15.084">
    <failure type="java.lang.AssertionError" message="null">
      <![CDATA[java.lang.AssertionError: null
at testCase.TC002_LoginDDT.LoginTestDDT(TC002_LoginDDT.java:74)
at java.base/java.util.ArrayList.forEach(ArrayList.java:1597)
... Removed 27 stack frames]]>
    </failure>
  </testcase> <!-- LoginTestDDT -->
</testsuite> <!-- Group Test(failed) -->
